#
# There is insufficient memory for the Java Runtime Environment to continue.
# Native memory allocation (malloc) failed to allocate 2536000 bytes for Chunk::new
# Possible reasons:
#   The system is out of physical RAM or swap space
#   The process is running with CompressedOops enabled, and the Java Heap may be blocking the growth of the native heap
# Possible solutions:
#   Reduce memory load on the system
#   Increase physical memory or swap space
#   Check if swap backing store is full
#   Decrease Java heap size (-Xmx/-Xms)
#   Decrease number of Java threads
#   Decrease Java thread stack sizes (-Xss)
#   Set larger code cache with -XX:ReservedCodeCacheSize=
#   JVM is running with Unscaled Compressed Oops mode in which the Java heap is
#     placed in the first 4GB address space. The Java Heap base address is the
#     maximum limit for the native heap growth. Please use -XX:HeapBaseMinAddress
#     to set the Java Heap base and to place the Java Heap above 4GB virtual address.
# This output file may be truncated or incomplete.
#
#  Out of Memory Error (arena.cpp:195), pid=4568, tid=12296
#
# JRE version: Java(TM) SE Runtime Environment (16.0.1+9) (build 16.0.1+9-24)
# Java VM: Java HotSpot(TM) 64-Bit Server VM (16.0.1+9-24, mixed mode, sharing, tiered, compressed oops, compressed class ptrs, g1 gc, windows-amd64)
# No core dump will be written. Minidumps are not enabled by default on client versions of Windows
#

---------------  S U M M A R Y ------------

Command Line: -Dclassworlds.conf=C:\Program Files\apache-maven-3.8.1-bin\apache-maven-3.8.1\bin\..\bin\m2.conf -Dmaven.home=C:\Program Files\apache-maven-3.8.1-bin\apache-maven-3.8.1\bin\.. -Dlibrary.jansi.path=C:\Program Files\apache-maven-3.8.1-bin\apache-maven-3.8.1\bin\..\lib\jansi-native -Dmaven.multiModuleProjectDirectory=C:\Users\Ramya\Downloads\ReskillProject-master\ReskillProject-master\UserMS org.codehaus.plexus.classworlds.launcher.Launcher clean package sonar:sonar -Dsonar.host.url=https://sonarcloud.io -Dsonar.organization=ramyakovida -Dsonar.login=b31bfe597e87bcbb17949db5eca42fa5202ca168

Host: Intel(R) Core(TM) i5-7200U CPU @ 2.50GHz, 4 cores, 7G,  Windows 10 , 64 bit Build 19041 (10.0.19041.1023)
Time: Mon Jun 28 11:42:28 2021 India Standard Time elapsed time: 297.575608 seconds (0d 0h 4m 57s)

---------------  T H R E A D  ---------------

Current thread (0x000001a5fd69ab50):  JavaThread "C2 CompilerThread0" daemon [_thread_in_native, id=12296, stack(0x0000008599000000,0x0000008599100000)]


Current CompileTask:
C2: 297575 14662       4       org.eclipse.jdt.internal.compiler.lookup.LookupEnvironment::getModule (114 bytes)

Stack: [0x0000008599000000,0x0000008599100000]
Native frames: (J=compiled Java code, j=interpreted, Vv=VM code, C=native code)
V  [jvm.dll+0x6687ca]
V  [jvm.dll+0x7ca3c9]
V  [jvm.dll+0x7cbb53]
V  [jvm.dll+0x7cc1b3]
V  [jvm.dll+0x242ea5]
V  [jvm.dll+0xadeca]
V  [jvm.dll+0xae5ac]
V  [jvm.dll+0x35af27]
V  [jvm.dll+0x3253d1]
V  [jvm.dll+0x32487a]
V  [jvm.dll+0x215f3c]
V  [jvm.dll+0x215350]
V  [jvm.dll+0x1a1d9b]
V  [jvm.dll+0x2253a8]
V  [jvm.dll+0x2233ec]
V  [jvm.dll+0x780002]
V  [jvm.dll+0x779b4a]
V  [jvm.dll+0x667666]
C  [ucrtbase.dll+0x21bb2]
C  [KERNEL32.DLL+0x17034]
C  [ntdll.dll+0x52651]


---------------  P R O C E S S  ---------------

Threads class SMR info:
_java_thread_list=0x000001a5813a28a0, length=21, elements={
0x000001a5dff2f660, 0x000001a5fd680370, 0x000001a5fd681990, 0x000001a5fd691660,
0x000001a5fd692260, 0x000001a5fd695410, 0x000001a5fd696e20, 0x000001a5fd69ab50,
0x000001a5fd69e040, 0x000001a5fd734c80, 0x000001a5fe1b9680, 0x000001a5fe1c2460,
0x000001a5ff639780, 0x000001a5fe3be4f0, 0x000001a581aadfc0, 0x000001a5ffa479c0,
0x000001a5ffa47ee0, 0x000001a581b37460, 0x000001a581b35f20, 0x000001a581b359d0,
0x000001a581b369c0
}

Java Threads: ( => current thread )
  0x000001a5dff2f660 JavaThread "main" [_thread_in_Java, id=11472, stack(0x0000008598300000,0x0000008598400000)]
  0x000001a5fd680370 JavaThread "Reference Handler" daemon [_thread_blocked, id=17092, stack(0x0000008598a00000,0x0000008598b00000)]
  0x000001a5fd681990 JavaThread "Finalizer" daemon [_thread_blocked, id=18400, stack(0x0000008598b00000,0x0000008598c00000)]
  0x000001a5fd691660 JavaThread "Signal Dispatcher" daemon [_thread_blocked, id=15352, stack(0x0000008598c00000,0x0000008598d00000)]
  0x000001a5fd692260 JavaThread "Attach Listener" daemon [_thread_blocked, id=18960, stack(0x0000008598d00000,0x0000008598e00000)]
  0x000001a5fd695410 JavaThread "Service Thread" daemon [_thread_blocked, id=3540, stack(0x0000008598e00000,0x0000008598f00000)]
  0x000001a5fd696e20 JavaThread "Monitor Deflation Thread" daemon [_thread_blocked, id=13680, stack(0x0000008598f00000,0x0000008599000000)]
=>0x000001a5fd69ab50 JavaThread "C2 CompilerThread0" daemon [_thread_in_native, id=12296, stack(0x0000008599000000,0x0000008599100000)]
  0x000001a5fd69e040 JavaThread "C1 CompilerThread0" daemon [_thread_blocked, id=19352, stack(0x0000008599100000,0x0000008599200000)]
  0x000001a5fd734c80 JavaThread "Sweeper thread" daemon [_thread_blocked, id=16400, stack(0x0000008599200000,0x0000008599300000)]
  0x000001a5fe1b9680 JavaThread "Notification Thread" daemon [_thread_blocked, id=12728, stack(0x0000008599300000,0x0000008599400000)]
  0x000001a5fe1c2460 JavaThread "Common-Cleaner" daemon [_thread_blocked, id=18828, stack(0x0000008599500000,0x0000008599600000)]
  0x000001a5ff639780 JavaThread "resolver-1" daemon [_thread_blocked, id=18468, stack(0x0000008599a00000,0x0000008599b00000)]
  0x000001a5fe3be4f0 JavaThread "resolver-2" daemon [_thread_blocked, id=19376, stack(0x0000008599b00000,0x0000008599c00000)]
  0x000001a581aadfc0 JavaThread "resolver-3" daemon [_thread_blocked, id=17876, stack(0x0000008599c00000,0x0000008599d00000)]
  0x000001a5ffa479c0 JavaThread "resolver-4" daemon [_thread_blocked, id=1988, stack(0x0000008599d00000,0x0000008599e00000)]
  0x000001a5ffa47ee0 JavaThread "resolver-5" daemon [_thread_blocked, id=2848, stack(0x0000008599e00000,0x0000008599f00000)]
  0x000001a581b37460 JavaThread "OkHttp ConnectionPool" daemon [_thread_blocked, id=14676, stack(0x000000859a100000,0x000000859a200000)]
  0x000001a581b35f20 JavaThread "Okio Watchdog" daemon [_thread_blocked, id=1400, stack(0x000000859a200000,0x000000859a300000)]
  0x000001a581b359d0 JavaThread "OkHttp TaskRunner" daemon [_thread_blocked, id=18136, stack(0x000000859a300000,0x000000859a400000)]
  0x000001a581b369c0 JavaThread "Okio Watchdog" daemon [_thread_blocked, id=18736, stack(0x000000859a400000,0x000000859a500000)]

Other Threads:
  0x000001a5fd67c0e0 VMThread "VM Thread" [stack: 0x0000008598900000,0x0000008598a00000] [id=15980]
  0x000001a5fe1bdfc0 WatcherThread [stack: 0x0000008599400000,0x0000008599500000] [id=12632]
  0x000001a5dff6dd20 GCTaskThread "GC Thread#0" [stack: 0x0000008598400000,0x0000008598500000] [id=18592]
  0x000001a5fe923360 GCTaskThread "GC Thread#1" [stack: 0x0000008599600000,0x0000008599700000] [id=7748]
  0x000001a5fe913b00 GCTaskThread "GC Thread#2" [stack: 0x0000008599700000,0x0000008599800000] [id=14856]
  0x000001a5fe946c00 GCTaskThread "GC Thread#3" [stack: 0x0000008599800000,0x0000008599900000] [id=2124]
  0x000001a5dff7e980 ConcurrentGCThread "G1 Main Marker" [stack: 0x0000008598500000,0x0000008598600000] [id=2952]
  0x000001a5dff80a40 ConcurrentGCThread "G1 Conc#0" [stack: 0x0000008598600000,0x0000008598700000] [id=5448]
  0x000001a5dfff7be0 ConcurrentGCThread "G1 Refine#0" [stack: 0x0000008598700000,0x0000008598800000] [id=12444]
  0x000001a5ffcc13b0 ConcurrentGCThread "G1 Refine#1" [stack: 0x0000008599900000,0x0000008599a00000] [id=18512]
  0x000001a5ffcc20b0 ConcurrentGCThread "G1 Refine#2" [stack: 0x0000008598000000,0x0000008598100000] [id=18540]
  0x000001a5ffcc1070 ConcurrentGCThread "G1 Refine#3" [stack: 0x0000008598100000,0x0000008598200000] [id=16660]
  0x000001a5dfff8ca0 ConcurrentGCThread "G1 Service" [stack: 0x0000008598800000,0x0000008598900000] [id=12660]

Threads with active compile tasks:
C2 CompilerThread0   298530 14662       4       org.eclipse.jdt.internal.compiler.lookup.LookupEnvironment::getModule (114 bytes)

VM state: not at safepoint (normal execution)

VM Mutex/Monitor currently owned by a thread: None

Heap address: 0x0000000081400000, size: 2028 MB, Compressed Oops mode: 32-bit

CDS archive(s) mapped at: [0x0000000800000000-0x0000000800bb0000-0x0000000800bb0000), size 12255232, SharedBaseAddress: 0x0000000800000000, ArchiveRelocationMode: 0.
Compressed class space mapped at: 0x0000000800c00000-0x0000000840c00000, reserved size: 1073741824
Narrow klass base: 0x0000000800000000, Narrow klass shift: 3, Narrow klass range: 0x100000000

GC Precious Log:
 CPUs: 4 total, 4 available
 Memory: 8108M
 Large Page Support: Disabled
 NUMA Support: Disabled
 Compressed Oops: Enabled (32-bit)
 Heap Region Size: 1M
 Heap Min Capacity: 8M
 Heap Initial Capacity: 128M
 Heap Max Capacity: 2028M
 Pre-touch: Disabled
 Parallel Workers: 4
 Concurrent Workers: 1
 Concurrent Refinement Workers: 4
 Periodic GC: Disabled

Heap:
 garbage-first heap   total 191488K, used 120950K [0x0000000081400000, 0x0000000100000000)
  region size 1024K, 24 young (24576K), 4 survivors (4096K)
 Metaspace       used 103580K, committed 104576K, reserved 1146880K
  class space    used 12590K, committed 13120K, reserved 1048576K

Heap Regions: E=young(eden), S=young(survivor), O=old, HS=humongous(starts), HC=humongous(continues), CS=collection set, F=free, OA=open archive, CA=closed archive, TAMS=top-at-mark-start (previous, next)
|   0|0x0000000081400000, 0x0000000081500000, 0x0000000081500000|100%| O|  |TAMS 0x0000000081500000, 0x0000000081400000| Untracked 
|   1|0x0000000081500000, 0x0000000081600000, 0x0000000081600000|100%| O|  |TAMS 0x0000000081600000, 0x0000000081500000| Untracked 
|   2|0x0000000081600000, 0x0000000081700000, 0x0000000081700000|100%| O|  |TAMS 0x0000000081700000, 0x0000000081600000| Untracked 
|   3|0x0000000081700000, 0x0000000081800000, 0x0000000081800000|100%| O|  |TAMS 0x0000000081800000, 0x0000000081700000| Untracked 
|   4|0x0000000081800000, 0x0000000081900000, 0x0000000081900000|100%| O|  |TAMS 0x0000000081900000, 0x0000000081800000| Untracked 
|   5|0x0000000081900000, 0x0000000081a00000, 0x0000000081a00000|100%| O|  |TAMS 0x0000000081a00000, 0x0000000081900000| Untracked 
|   6|0x0000000081a00000, 0x0000000081b00000, 0x0000000081b00000|100%| O|  |TAMS 0x0000000081b00000, 0x0000000081a00000| Untracked 
|   7|0x0000000081b00000, 0x0000000081c00000, 0x0000000081c00000|100%| O|  |TAMS 0x0000000081c00000, 0x0000000081b00000| Untracked 
|   8|0x0000000081c00000, 0x0000000081d00000, 0x0000000081d00000|100%| O|  |TAMS 0x0000000081d00000, 0x0000000081c00000| Untracked 
|   9|0x0000000081d00000, 0x0000000081e00000, 0x0000000081e00000|100%| O|  |TAMS 0x0000000081e00000, 0x0000000081d00000| Untracked 
|  10|0x0000000081e00000, 0x0000000081f00000, 0x0000000081f00000|100%| O|  |TAMS 0x0000000081f00000, 0x0000000081e00000| Untracked 
|  11|0x0000000081f00000, 0x0000000082000000, 0x0000000082000000|100%| O|  |TAMS 0x0000000082000000, 0x0000000081f00000| Untracked 
|  12|0x0000000082000000, 0x0000000082100000, 0x0000000082100000|100%| O|  |TAMS 0x0000000082100000, 0x0000000082000000| Untracked 
|  13|0x0000000082100000, 0x0000000082200000, 0x0000000082200000|100%| O|  |TAMS 0x0000000082200000, 0x0000000082100000| Untracked 
|  14|0x0000000082200000, 0x0000000082300000, 0x0000000082300000|100%| O|  |TAMS 0x0000000082300000, 0x0000000082200000| Untracked 
|  15|0x0000000082300000, 0x0000000082400000, 0x0000000082400000|100%| O|  |TAMS 0x0000000082400000, 0x0000000082300000| Untracked 
|  16|0x0000000082400000, 0x0000000082500000, 0x0000000082500000|100%| O|  |TAMS 0x0000000082500000, 0x0000000082400000| Untracked 
|  17|0x0000000082500000, 0x0000000082600000, 0x0000000082600000|100%| O|  |TAMS 0x0000000082600000, 0x0000000082500000| Untracked 
|  18|0x0000000082600000, 0x0000000082700000, 0x0000000082700000|100%| O|  |TAMS 0x0000000082700000, 0x0000000082600000| Untracked 
|  19|0x0000000082700000, 0x0000000082800000, 0x0000000082800000|100%| O|  |TAMS 0x0000000082800000, 0x0000000082700000| Untracked 
|  20|0x0000000082800000, 0x0000000082900000, 0x0000000082900000|100%| O|  |TAMS 0x0000000082900000, 0x0000000082800000| Untracked 
|  21|0x0000000082900000, 0x0000000082a00000, 0x0000000082a00000|100%|HS|  |TAMS 0x0000000082a00000, 0x0000000082900000| Complete 
|  22|0x0000000082a00000, 0x0000000082b00000, 0x0000000082b00000|100%| O|  |TAMS 0x0000000082b00000, 0x0000000082a00000| Untracked 
|  23|0x0000000082b00000, 0x0000000082c00000, 0x0000000082c00000|100%| O|  |TAMS 0x0000000082c00000, 0x0000000082b00000| Untracked 
|  24|0x0000000082c00000, 0x0000000082d00000, 0x0000000082d00000|100%|HS|  |TAMS 0x0000000082d00000, 0x0000000082c00000| Complete 
|  25|0x0000000082d00000, 0x0000000082e00000, 0x0000000082e00000|100%| O|  |TAMS 0x0000000082e00000, 0x0000000082d00000| Untracked 
|  26|0x0000000082e00000, 0x0000000082f00000, 0x0000000082f00000|100%| O|  |TAMS 0x0000000082f00000, 0x0000000082e00000| Untracked 
|  27|0x0000000082f00000, 0x0000000083000000, 0x0000000083000000|100%| O|  |TAMS 0x0000000083000000, 0x0000000082f00000| Untracked 
|  28|0x0000000083000000, 0x0000000083100000, 0x0000000083100000|100%| O|  |TAMS 0x0000000083100000, 0x0000000083000000| Untracked 
|  29|0x0000000083100000, 0x0000000083200000, 0x0000000083200000|100%|HS|  |TAMS 0x0000000083200000, 0x0000000083100000| Complete 
|  30|0x0000000083200000, 0x0000000083300000, 0x0000000083300000|100%| O|  |TAMS 0x0000000083300000, 0x0000000083200000| Untracked 
|  31|0x0000000083300000, 0x0000000083400000, 0x0000000083400000|100%| O|  |TAMS 0x0000000083400000, 0x0000000083300000| Untracked 
|  32|0x0000000083400000, 0x0000000083500000, 0x0000000083500000|100%| O|  |TAMS 0x0000000083500000, 0x0000000083400000| Untracked 
|  33|0x0000000083500000, 0x0000000083600000, 0x0000000083600000|100%| O|  |TAMS 0x0000000083600000, 0x0000000083500000| Untracked 
|  34|0x0000000083600000, 0x0000000083700000, 0x0000000083700000|100%| O|  |TAMS 0x0000000083700000, 0x0000000083600000| Untracked 
|  35|0x0000000083700000, 0x0000000083800000, 0x0000000083800000|100%|HS|  |TAMS 0x0000000083800000, 0x0000000083700000| Complete 
|  36|0x0000000083800000, 0x0000000083900000, 0x0000000083900000|100%|HS|  |TAMS 0x0000000083900000, 0x0000000083800000| Complete 
|  37|0x0000000083900000, 0x0000000083a00000, 0x0000000083a00000|100%|HC|  |TAMS 0x0000000083a00000, 0x0000000083900000| Complete 
|  38|0x0000000083a00000, 0x0000000083b00000, 0x0000000083b00000|100%| O|  |TAMS 0x0000000083b00000, 0x0000000083a00000| Untracked 
|  39|0x0000000083b00000, 0x0000000083c00000, 0x0000000083c00000|100%| O|  |TAMS 0x0000000083c00000, 0x0000000083b00000| Untracked 
|  40|0x0000000083c00000, 0x0000000083d00000, 0x0000000083d00000|100%| O|  |TAMS 0x0000000083d00000, 0x0000000083c00000| Untracked 
|  41|0x0000000083d00000, 0x0000000083e00000, 0x0000000083e00000|100%| O|  |TAMS 0x0000000083e00000, 0x0000000083d00000| Untracked 
|  42|0x0000000083e00000, 0x0000000083f00000, 0x0000000083f00000|100%| O|  |TAMS 0x0000000083f00000, 0x0000000083e00000| Untracked 
|  43|0x0000000083f00000, 0x0000000084000000, 0x0000000084000000|100%| O|  |TAMS 0x0000000084000000, 0x0000000083f00000| Untracked 
|  44|0x0000000084000000, 0x0000000084100000, 0x0000000084100000|100%| O|  |TAMS 0x0000000084100000, 0x0000000084000000| Untracked 
|  45|0x0000000084100000, 0x0000000084200000, 0x0000000084200000|100%| O|  |TAMS 0x0000000084200000, 0x0000000084100000| Untracked 
|  46|0x0000000084200000, 0x0000000084300000, 0x0000000084300000|100%| O|  |TAMS 0x0000000084300000, 0x0000000084200000| Untracked 
|  47|0x0000000084300000, 0x0000000084400000, 0x0000000084400000|100%| O|  |TAMS 0x0000000084400000, 0x0000000084300000| Untracked 
|  48|0x0000000084400000, 0x0000000084500000, 0x0000000084500000|100%| O|  |TAMS 0x0000000084500000, 0x0000000084400000| Untracked 
|  49|0x0000000084500000, 0x0000000084600000, 0x0000000084600000|100%| O|  |TAMS 0x0000000084600000, 0x0000000084500000| Untracked 
|  50|0x0000000084600000, 0x0000000084700000, 0x0000000084700000|100%| O|  |TAMS 0x0000000084700000, 0x0000000084600000| Untracked 
|  51|0x0000000084700000, 0x0000000084800000, 0x0000000084800000|100%| O|  |TAMS 0x0000000084800000, 0x0000000084700000| Untracked 
|  52|0x0000000084800000, 0x0000000084900000, 0x0000000084900000|100%| O|  |TAMS 0x0000000084900000, 0x0000000084800000| Untracked 
|  53|0x0000000084900000, 0x0000000084a00000, 0x0000000084a00000|100%|HS|  |TAMS 0x0000000084a00000, 0x0000000084900000| Complete 
|  54|0x0000000084a00000, 0x0000000084b00000, 0x0000000084b00000|100%| O|  |TAMS 0x0000000084b00000, 0x0000000084a00000| Untracked 
|  55|0x0000000084b00000, 0x0000000084c00000, 0x0000000084c00000|100%| O|  |TAMS 0x0000000084c00000, 0x0000000084b00000| Untracked 
|  56|0x0000000084c00000, 0x0000000084d00000, 0x0000000084d00000|100%| O|  |TAMS 0x0000000084d00000, 0x0000000084c00000| Untracked 
|  57|0x0000000084d00000, 0x0000000084e00000, 0x0000000084e00000|100%| O|  |TAMS 0x0000000084e00000, 0x0000000084d00000| Untracked 
|  58|0x0000000084e00000, 0x0000000084f00000, 0x0000000084f00000|100%| O|  |TAMS 0x0000000084f00000, 0x0000000084e00000| Untracked 
|  59|0x0000000084f00000, 0x0000000085000000, 0x0000000085000000|100%| O|  |TAMS 0x0000000085000000, 0x0000000084f00000| Untracked 
|  60|0x0000000085000000, 0x0000000085100000, 0x0000000085100000|100%| O|  |TAMS 0x0000000085100000, 0x0000000085000000| Untracked 
|  61|0x0000000085100000, 0x0000000085200000, 0x0000000085200000|100%| O|  |TAMS 0x0000000085200000, 0x0000000085100000| Untracked 
|  62|0x0000000085200000, 0x0000000085300000, 0x0000000085300000|100%| O|  |TAMS 0x0000000085300000, 0x0000000085200000| Untracked 
|  63|0x0000000085300000, 0x0000000085400000, 0x0000000085400000|100%| O|  |TAMS 0x0000000085400000, 0x0000000085300000| Untracked 
|  64|0x0000000085400000, 0x0000000085500000, 0x0000000085500000|100%| O|  |TAMS 0x0000000085500000, 0x0000000085400000| Untracked 
|  65|0x0000000085500000, 0x0000000085600000, 0x0000000085600000|100%| O|  |TAMS 0x0000000085600000, 0x0000000085500000| Untracked 
|  66|0x0000000085600000, 0x0000000085700000, 0x0000000085700000|100%| O|  |TAMS 0x0000000085700000, 0x0000000085600000| Untracked 
|  67|0x0000000085700000, 0x0000000085800000, 0x0000000085800000|100%| O|  |TAMS 0x0000000085800000, 0x0000000085700000| Untracked 
|  68|0x0000000085800000, 0x0000000085900000, 0x0000000085900000|100%| O|  |TAMS 0x0000000085900000, 0x0000000085800000| Untracked 
|  69|0x0000000085900000, 0x0000000085a00000, 0x0000000085a00000|100%| O|  |TAMS 0x0000000085a00000, 0x0000000085900000| Untracked 
|  70|0x0000000085a00000, 0x0000000085b00000, 0x0000000085b00000|100%| O|  |TAMS 0x0000000085b00000, 0x0000000085a00000| Untracked 
|  71|0x0000000085b00000, 0x0000000085c00000, 0x0000000085c00000|100%|HS|  |TAMS 0x0000000085b00000, 0x0000000085b00000| Complete 
|  72|0x0000000085c00000, 0x0000000085d00000, 0x0000000085d00000|100%| O|  |TAMS 0x0000000085d00000, 0x0000000085c00000| Untracked 
|  73|0x0000000085d00000, 0x0000000085e00000, 0x0000000085e00000|100%| O|  |TAMS 0x0000000085e00000, 0x0000000085d00000| Untracked 
|  74|0x0000000085e00000, 0x0000000085f00000, 0x0000000085f00000|100%| O|  |TAMS 0x0000000085f00000, 0x0000000085e00000| Untracked 
|  75|0x0000000085f00000, 0x0000000086000000, 0x0000000086000000|100%| O|  |TAMS 0x0000000086000000, 0x0000000085f00000| Untracked 
|  76|0x0000000086000000, 0x0000000086100000, 0x0000000086100000|100%| O|  |TAMS 0x0000000086100000, 0x0000000086000000| Untracked 
|  77|0x0000000086100000, 0x0000000086200000, 0x0000000086200000|100%| O|  |TAMS 0x0000000086200000, 0x0000000086100000| Untracked 
|  78|0x0000000086200000, 0x0000000086300000, 0x0000000086300000|100%| O|  |TAMS 0x0000000086300000, 0x0000000086200000| Untracked 
|  79|0x0000000086300000, 0x0000000086400000, 0x0000000086400000|100%| O|  |TAMS 0x0000000086400000, 0x0000000086300000| Untracked 
|  80|0x0000000086400000, 0x0000000086500000, 0x0000000086500000|100%| O|  |TAMS 0x0000000086500000, 0x0000000086400000| Untracked 
|  81|0x0000000086500000, 0x0000000086600000, 0x0000000086600000|100%| O|  |TAMS 0x0000000086600000, 0x0000000086500000| Untracked 
|  82|0x0000000086600000, 0x0000000086700000, 0x0000000086700000|100%| O|  |TAMS 0x0000000086700000, 0x0000000086600000| Untracked 
|  83|0x0000000086700000, 0x0000000086800000, 0x0000000086800000|100%| O|  |TAMS 0x0000000086800000, 0x0000000086700000| Untracked 
|  84|0x0000000086800000, 0x0000000086900000, 0x0000000086900000|100%| O|  |TAMS 0x0000000086900000, 0x0000000086800000| Untracked 
|  85|0x0000000086900000, 0x0000000086a00000, 0x0000000086a00000|100%| O|  |TAMS 0x0000000086a00000, 0x0000000086900000| Untracked 
|  86|0x0000000086a00000, 0x0000000086b00000, 0x0000000086b00000|100%| O|  |TAMS 0x0000000086b00000, 0x0000000086a00000| Untracked 
|  87|0x0000000086b00000, 0x0000000086b00000, 0x0000000086c00000|  0%| F|  |TAMS 0x0000000086b00000, 0x0000000086b00000| Untracked 
|  88|0x0000000086c00000, 0x0000000086d00000, 0x0000000086d00000|100%| O|  |TAMS 0x0000000086d00000, 0x0000000086c00000| Untracked 
|  89|0x0000000086d00000, 0x0000000086e00000, 0x0000000086e00000|100%| O|  |TAMS 0x0000000086e00000, 0x0000000086d00000| Untracked 
|  90|0x0000000086e00000, 0x0000000086f00000, 0x0000000086f00000|100%| O|  |TAMS 0x0000000086f00000, 0x0000000086e00000| Untracked 
|  91|0x0000000086f00000, 0x0000000087000000, 0x0000000087000000|100%| O|  |TAMS 0x0000000087000000, 0x0000000086f00000| Untracked 
|  92|0x0000000087000000, 0x0000000087100000, 0x0000000087100000|100%| O|  |TAMS 0x0000000087100000, 0x0000000087000000| Untracked 
|  93|0x0000000087100000, 0x0000000087200000, 0x0000000087200000|100%| O|  |TAMS 0x0000000087200000, 0x0000000087100000| Untracked 
|  94|0x0000000087200000, 0x0000000087300000, 0x0000000087300000|100%| O|  |TAMS 0x0000000087300000, 0x0000000087200000| Untracked 
|  95|0x0000000087300000, 0x0000000087400000, 0x0000000087400000|100%| O|  |TAMS 0x0000000087400000, 0x0000000087300000| Untracked 
|  96|0x0000000087400000, 0x00000000874dae00, 0x0000000087500000| 85%| O|  |TAMS 0x00000000874dae00, 0x0000000087400000| Untracked 
|  97|0x0000000087500000, 0x0000000087500000, 0x0000000087600000|  0%| F|  |TAMS 0x0000000087500000, 0x0000000087500000| Untracked 
|  98|0x0000000087600000, 0x0000000087600000, 0x0000000087700000|  0%| F|  |TAMS 0x0000000087600000, 0x0000000087600000| Untracked 
|  99|0x0000000087700000, 0x0000000087700000, 0x0000000087800000|  0%| F|  |TAMS 0x0000000087700000, 0x0000000087700000| Untracked 
| 100|0x0000000087800000, 0x0000000087800000, 0x0000000087900000|  0%| F|  |TAMS 0x0000000087800000, 0x0000000087800000| Untracked 
| 101|0x0000000087900000, 0x0000000087900000, 0x0000000087a00000|  0%| F|  |TAMS 0x0000000087900000, 0x0000000087900000| Untracked 
| 102|0x0000000087a00000, 0x0000000087a00000, 0x0000000087b00000|  0%| F|  |TAMS 0x0000000087a00000, 0x0000000087a00000| Untracked 
| 103|0x0000000087b00000, 0x0000000087b00000, 0x0000000087c00000|  0%| F|  |TAMS 0x0000000087b00000, 0x0000000087b00000| Untracked 
| 104|0x0000000087c00000, 0x0000000087c00000, 0x0000000087d00000|  0%| F|  |TAMS 0x0000000087c00000, 0x0000000087c00000| Untracked 
| 105|0x0000000087d00000, 0x0000000087d00000, 0x0000000087e00000|  0%| F|  |TAMS 0x0000000087d00000, 0x0000000087d00000| Untracked 
| 106|0x0000000087e00000, 0x0000000087e00000, 0x0000000087f00000|  0%| F|  |TAMS 0x0000000087e00000, 0x0000000087e00000| Untracked 
| 107|0x0000000087f00000, 0x0000000087f00000, 0x0000000088000000|  0%| F|  |TAMS 0x0000000087f00000, 0x0000000087f00000| Untracked 
| 108|0x0000000088000000, 0x0000000088000000, 0x0000000088100000|  0%| F|  |TAMS 0x0000000088000000, 0x0000000088000000| Untracked 
| 109|0x0000000088100000, 0x0000000088100000, 0x0000000088200000|  0%| F|  |TAMS 0x0000000088100000, 0x0000000088100000| Untracked 
| 110|0x0000000088200000, 0x0000000088200000, 0x0000000088300000|  0%| F|  |TAMS 0x0000000088200000, 0x0000000088200000| Untracked 
| 111|0x0000000088300000, 0x0000000088300000, 0x0000000088400000|  0%| F|  |TAMS 0x0000000088300000, 0x0000000088300000| Untracked 
| 112|0x0000000088400000, 0x0000000088400000, 0x0000000088500000|  0%| F|  |TAMS 0x0000000088400000, 0x0000000088400000| Untracked 
| 113|0x0000000088500000, 0x0000000088500000, 0x0000000088600000|  0%| F|  |TAMS 0x0000000088500000, 0x0000000088500000| Untracked 
| 114|0x0000000088600000, 0x0000000088600000, 0x0000000088700000|  0%| F|  |TAMS 0x0000000088600000, 0x0000000088600000| Untracked 
| 115|0x0000000088700000, 0x0000000088700000, 0x0000000088800000|  0%| F|  |TAMS 0x0000000088700000, 0x0000000088700000| Untracked 
| 116|0x0000000088800000, 0x0000000088800000, 0x0000000088900000|  0%| F|  |TAMS 0x0000000088800000, 0x0000000088800000| Untracked 
| 117|0x0000000088900000, 0x0000000088900000, 0x0000000088a00000|  0%| F|  |TAMS 0x0000000088900000, 0x0000000088900000| Untracked 
| 118|0x0000000088a00000, 0x0000000088a00000, 0x0000000088b00000|  0%| F|  |TAMS 0x0000000088a00000, 0x0000000088a00000| Untracked 
| 119|0x0000000088b00000, 0x0000000088b00000, 0x0000000088c00000|  0%| F|  |TAMS 0x0000000088b00000, 0x0000000088b00000| Untracked 
| 120|0x0000000088c00000, 0x0000000088c00000, 0x0000000088d00000|  0%| F|  |TAMS 0x0000000088c00000, 0x0000000088c00000| Untracked 
| 121|0x0000000088d00000, 0x0000000088d00000, 0x0000000088e00000|  0%| F|  |TAMS 0x0000000088d00000, 0x0000000088d00000| Untracked 
| 122|0x0000000088e00000, 0x0000000088e00000, 0x0000000088f00000|  0%| F|  |TAMS 0x0000000088e00000, 0x0000000088e00000| Untracked 
| 123|0x0000000088f00000, 0x0000000088f00000, 0x0000000089000000|  0%| F|  |TAMS 0x0000000088f00000, 0x0000000088f00000| Untracked 
| 124|0x0000000089000000, 0x0000000089000000, 0x0000000089100000|  0%| F|  |TAMS 0x0000000089000000, 0x0000000089000000| Untracked 
| 125|0x0000000089100000, 0x0000000089100000, 0x0000000089200000|  0%| F|  |TAMS 0x0000000089100000, 0x0000000089100000| Untracked 
| 126|0x0000000089200000, 0x0000000089200000, 0x0000000089300000|  0%| F|  |TAMS 0x0000000089200000, 0x0000000089200000| Untracked 
| 127|0x0000000089300000, 0x0000000089300000, 0x0000000089400000|  0%| F|  |TAMS 0x0000000089300000, 0x0000000089300000| Untracked 
| 128|0x0000000089400000, 0x0000000089400000, 0x0000000089500000|  0%| F|  |TAMS 0x0000000089400000, 0x0000000089400000| Untracked 
| 129|0x0000000089500000, 0x0000000089500000, 0x0000000089600000|  0%| F|  |TAMS 0x0000000089500000, 0x0000000089500000| Untracked 
| 130|0x0000000089600000, 0x0000000089600000, 0x0000000089700000|  0%| F|  |TAMS 0x0000000089600000, 0x0000000089600000| Untracked 
| 131|0x0000000089700000, 0x0000000089700000, 0x0000000089800000|  0%| F|  |TAMS 0x0000000089700000, 0x0000000089700000| Untracked 
| 132|0x0000000089800000, 0x0000000089800000, 0x0000000089900000|  0%| F|  |TAMS 0x0000000089800000, 0x0000000089800000| Untracked 
| 133|0x0000000089900000, 0x0000000089900000, 0x0000000089a00000|  0%| F|  |TAMS 0x0000000089900000, 0x0000000089900000| Untracked 
| 134|0x0000000089a00000, 0x0000000089a00000, 0x0000000089b00000|  0%| F|  |TAMS 0x0000000089a00000, 0x0000000089a00000| Untracked 
| 135|0x0000000089b00000, 0x0000000089b00000, 0x0000000089c00000|  0%| F|  |TAMS 0x0000000089b00000, 0x0000000089b00000| Untracked 
| 136|0x0000000089c00000, 0x0000000089c00000, 0x0000000089d00000|  0%| F|  |TAMS 0x0000000089c00000, 0x0000000089c00000| Untracked 
| 137|0x0000000089d00000, 0x0000000089d00000, 0x0000000089e00000|  0%| F|  |TAMS 0x0000000089d00000, 0x0000000089d00000| Untracked 
| 138|0x0000000089e00000, 0x0000000089e00000, 0x0000000089f00000|  0%| F|  |TAMS 0x0000000089e00000, 0x0000000089e00000| Untracked 
| 139|0x0000000089f00000, 0x0000000089f00000, 0x000000008a000000|  0%| F|  |TAMS 0x0000000089f00000, 0x0000000089f00000| Untracked 
| 140|0x000000008a000000, 0x000000008a000000, 0x000000008a100000|  0%| F|  |TAMS 0x000000008a000000, 0x000000008a000000| Untracked 
| 141|0x000000008a100000, 0x000000008a100000, 0x000000008a200000|  0%| F|  |TAMS 0x000000008a100000, 0x000000008a100000| Untracked 
| 142|0x000000008a200000, 0x000000008a200000, 0x000000008a300000|  0%| F|  |TAMS 0x000000008a200000, 0x000000008a200000| Untracked 
| 143|0x000000008a300000, 0x000000008a300000, 0x000000008a400000|  0%| F|  |TAMS 0x000000008a300000, 0x000000008a300000| Untracked 
| 144|0x000000008a400000, 0x000000008a400000, 0x000000008a500000|  0%| F|  |TAMS 0x000000008a400000, 0x000000008a400000| Untracked 
| 145|0x000000008a500000, 0x000000008a500000, 0x000000008a600000|  0%| F|  |TAMS 0x000000008a500000, 0x000000008a500000| Untracked 
| 146|0x000000008a600000, 0x000000008a600000, 0x000000008a700000|  0%| F|  |TAMS 0x000000008a600000, 0x000000008a600000| Untracked 
| 147|0x000000008a700000, 0x000000008a700000, 0x000000008a800000|  0%| F|  |TAMS 0x000000008a700000, 0x000000008a700000| Untracked 
| 148|0x000000008a800000, 0x000000008a800000, 0x000000008a900000|  0%| F|  |TAMS 0x000000008a800000, 0x000000008a800000| Untracked 
| 149|0x000000008a900000, 0x000000008a900000, 0x000000008aa00000|  0%| F|  |TAMS 0x000000008a900000, 0x000000008a900000| Untracked 
| 150|0x000000008aa00000, 0x000000008aa00000, 0x000000008ab00000|  0%| F|  |TAMS 0x000000008aa00000, 0x000000008aa00000| Untracked 
| 151|0x000000008ab00000, 0x000000008ab00000, 0x000000008ac00000|  0%| F|  |TAMS 0x000000008ab00000, 0x000000008ab00000| Untracked 
| 152|0x000000008ac00000, 0x000000008ac00000, 0x000000008ad00000|  0%| F|  |TAMS 0x000000008ac00000, 0x000000008ac00000| Untracked 
| 153|0x000000008ad00000, 0x000000008ad00000, 0x000000008ae00000|  0%| F|  |TAMS 0x000000008ad00000, 0x000000008ad00000| Untracked 
| 154|0x000000008ae00000, 0x000000008ae00000, 0x000000008af00000|  0%| F|  |TAMS 0x000000008ae00000, 0x000000008ae00000| Untracked 
| 155|0x000000008af00000, 0x000000008af00000, 0x000000008b000000|  0%| F|  |TAMS 0x000000008af00000, 0x000000008af00000| Untracked 
| 156|0x000000008b000000, 0x000000008b000000, 0x000000008b100000|  0%| F|  |TAMS 0x000000008b000000, 0x000000008b000000| Untracked 
| 157|0x000000008b100000, 0x000000008b100000, 0x000000008b200000|  0%| F|  |TAMS 0x000000008b100000, 0x000000008b100000| Untracked 
| 158|0x000000008b200000, 0x000000008b200000, 0x000000008b300000|  0%| F|  |TAMS 0x000000008b200000, 0x000000008b200000| Untracked 
| 159|0x000000008b300000, 0x000000008b300000, 0x000000008b400000|  0%| F|  |TAMS 0x000000008b300000, 0x000000008b300000| Untracked 
| 160|0x000000008b400000, 0x000000008b400000, 0x000000008b500000|  0%| F|  |TAMS 0x000000008b400000, 0x000000008b400000| Untracked 
| 161|0x000000008b500000, 0x000000008b500000, 0x000000008b600000|  0%| F|  |TAMS 0x000000008b500000, 0x000000008b500000| Untracked 
| 162|0x000000008b600000, 0x000000008b600000, 0x000000008b700000|  0%| F|  |TAMS 0x000000008b600000, 0x000000008b600000| Untracked 
| 163|0x000000008b700000, 0x000000008b800000, 0x000000008b800000|100%| E|  |TAMS 0x000000008b700000, 0x000000008b700000| Complete 
| 164|0x000000008b800000, 0x000000008b900000, 0x000000008b900000|100%| E|CS|TAMS 0x000000008b800000, 0x000000008b800000| Complete 
| 165|0x000000008b900000, 0x000000008ba00000, 0x000000008ba00000|100%| E|CS|TAMS 0x000000008b900000, 0x000000008b900000| Complete 
| 166|0x000000008ba00000, 0x000000008ba42d10, 0x000000008bb00000| 26%| S|CS|TAMS 0x000000008ba00000, 0x000000008ba00000| Complete 
| 167|0x000000008bb00000, 0x000000008bc00000, 0x000000008bc00000|100%| S|CS|TAMS 0x000000008bb00000, 0x000000008bb00000| Complete 
| 168|0x000000008bc00000, 0x000000008bd00000, 0x000000008bd00000|100%| S|CS|TAMS 0x000000008bc00000, 0x000000008bc00000| Complete 
| 169|0x000000008bd00000, 0x000000008be00000, 0x000000008be00000|100%| E|CS|TAMS 0x000000008bd00000, 0x000000008bd00000| Complete 
| 170|0x000000008be00000, 0x000000008bf00000, 0x000000008bf00000|100%| S|CS|TAMS 0x000000008be00000, 0x000000008be00000| Complete 
| 171|0x000000008bf00000, 0x000000008c000000, 0x000000008c000000|100%| E|CS|TAMS 0x000000008bf00000, 0x000000008bf00000| Complete 
| 172|0x000000008c000000, 0x000000008c100000, 0x000000008c100000|100%| E|CS|TAMS 0x000000008c000000, 0x000000008c000000| Complete 
| 173|0x000000008c100000, 0x000000008c200000, 0x000000008c200000|100%| E|CS|TAMS 0x000000008c100000, 0x000000008c100000| Complete 
| 174|0x000000008c200000, 0x000000008c300000, 0x000000008c300000|100%| E|CS|TAMS 0x000000008c200000, 0x000000008c200000| Complete 
| 175|0x000000008c300000, 0x000000008c400000, 0x000000008c400000|100%| E|CS|TAMS 0x000000008c300000, 0x000000008c300000| Complete 
| 176|0x000000008c400000, 0x000000008c500000, 0x000000008c500000|100%| E|CS|TAMS 0x000000008c400000, 0x000000008c400000| Complete 
| 177|0x000000008c500000, 0x000000008c600000, 0x000000008c600000|100%| E|CS|TAMS 0x000000008c500000, 0x000000008c500000| Complete 
| 178|0x000000008c600000, 0x000000008c700000, 0x000000008c700000|100%| E|CS|TAMS 0x000000008c600000, 0x000000008c600000| Complete 
| 179|0x000000008c700000, 0x000000008c800000, 0x000000008c800000|100%| E|CS|TAMS 0x000000008c700000, 0x000000008c700000| Complete 
| 180|0x000000008c800000, 0x000000008c900000, 0x000000008c900000|100%| E|CS|TAMS 0x000000008c800000, 0x000000008c800000| Complete 
| 181|0x000000008c900000, 0x000000008ca00000, 0x000000008ca00000|100%| E|CS|TAMS 0x000000008c900000, 0x000000008c900000| Complete 
| 182|0x000000008ca00000, 0x000000008cb00000, 0x000000008cb00000|100%| E|CS|TAMS 0x000000008ca00000, 0x000000008ca00000| Complete 
| 183|0x000000008cb00000, 0x000000008cc00000, 0x000000008cc00000|100%| E|CS|TAMS 0x000000008cb00000, 0x000000008cb00000| Complete 
| 184|0x000000008cc00000, 0x000000008cd00000, 0x000000008cd00000|100%| E|CS|TAMS 0x000000008cc00000, 0x000000008cc00000| Complete 
| 185|0x000000008cd00000, 0x000000008ce00000, 0x000000008ce00000|100%| E|CS|TAMS 0x000000008cd00000, 0x000000008cd00000| Complete 
| 186|0x000000008ce00000, 0x000000008cf00000, 0x000000008cf00000|100%| E|CS|TAMS 0x000000008ce00000, 0x000000008ce00000| Complete 

Card table byte_map: [0x000001a5f6ab0000,0x000001a5f6eb0000] _byte_map_base: 0x000001a5f66a6000

Marking Bits (Prev, Next): (CMBitMap*) 0x000001a5dff6e230, (CMBitMap*) 0x000001a5dff6e270
 Prev Bits: [0x000001a5f72b0000, 0x000001a5f9260000)
 Next Bits: [0x000001a5f9260000, 0x000001a5fb210000)

Polling page: 0x000001a5df710000

Metaspace:

Usage:
  Non-class:     88.86 MB used.
      Class:     12.30 MB used.
       Both:    101.15 MB used.

Virtual space:
  Non-class space:       96.00 MB reserved,      89.31 MB ( 93%) committed,  12 nodes.
      Class space:        1.00 GB reserved,      12.81 MB (  1%) committed,  1 nodes.
              Both:        1.09 GB reserved,     102.12 MB (  9%) committed. 

Chunk freelists:
   Non-Class:  2.70 MB
       Class:  3.05 MB
        Both:  5.75 MB

MaxMetaspaceSize: 17179869184.00 GB
CompressedClassSpaceSize: 1.00 GB
 - commit_granule_bytes: 65536.
 - commit_granule_words: 8192.
 - virtual_space_node_default_size: 1048576.
 - enlarge_chunks_in_place: 1.
 - new_chunks_are_fully_committed: 0.
 - uncommit_free_chunks: 1.
 - use_allocation_guard: 0.
 - handle_deallocations: 1.


Internal statistics:

num_allocs_failed_limit: 12.
num_arena_births: 502.
num_arena_deaths: 20.
num_vsnodes_births: 13.
num_vsnodes_deaths: 0.
num_space_committed: 1642.
num_space_uncommitted: 8.
num_chunks_returned_to_freelist: 78.
num_chunks_taken_from_freelist: 4246.
num_chunk_merges: 28.
num_chunk_splits: 3255.
num_chunks_enlarged: 2655.
num_purges: 6.

CodeHeap 'non-profiled nmethods': size=120000Kb used=8492Kb max_used=8492Kb free=111508Kb
 bounds [0x000001a5ef180000, 0x000001a5ef9d0000, 0x000001a5f66b0000]
CodeHeap 'profiled nmethods': size=120000Kb used=28759Kb max_used=28759Kb free=91240Kb
 bounds [0x000001a5e7c50000, 0x000001a5e9870000, 0x000001a5ef180000]
CodeHeap 'non-nmethods': size=5760Kb used=1382Kb max_used=1495Kb free=4377Kb
 bounds [0x000001a5e76b0000, 0x000001a5e7920000, 0x000001a5e7c50000]
 total_blobs=13074 nmethods=12358 adapters=627
 compilation: enabled
              stopped_count=0, restarted_count=0
 full_count=0

Compilation events (20 events):
Event: 297.373 Thread 0x000001a5fd69e040 14691       1       org.sonar.ucfg.protobuf.UcfgProtos$UCFG::getEntriesList (5 bytes)
Event: 297.373 Thread 0x000001a5fd69e040 nmethod 14691 0x000001a5ef9ca110 code [0x000001a5ef9ca2a0, 0x000001a5ef9ca378]
Event: 297.373 Thread 0x000001a5fd69e040 14692       3       org.sonar.ucfg.protobuf.UcfgProtos$UCFG::getMethodIdBytes (32 bytes)
Event: 297.374 Thread 0x000001a5fd69e040 nmethod 14692 0x000001a5e9859690 code [0x000001a5e98598c0, 0x000001a5e985a2d8]
Event: 297.375 Thread 0x000001a5fd69e040 14693       3       org.sonar.ucfg.protobuf.UcfgProtos$UCFG::getLocation (18 bytes)
Event: 297.375 Thread 0x000001a5fd69e040 nmethod 14693 0x000001a5e92b4d90 code [0x000001a5e92b4f40, 0x000001a5e92b50f8]
Event: 297.375 Thread 0x000001a5fd69e040 14694       3       org.sonar.ucfg.protobuf.UcfgProtos$UCFG::getThisVar (18 bytes)
Event: 297.375 Thread 0x000001a5fd69e040 nmethod 14694 0x000001a5e9217990 code [0x000001a5e9217b40, 0x000001a5e9217cf8]
Event: 297.385 Thread 0x000001a5fd69e040 14695       3       org.sonar.java.model.JType::isPrimitive (25 bytes)
Event: 297.385 Thread 0x000001a5fd69e040 nmethod 14695 0x000001a5e985a590 code [0x000001a5e985a760, 0x000001a5e985aa98]
Event: 297.386 Thread 0x000001a5fd69e040 14696       3       com.sonar.ucfg.UCFGElement$Jump::<init> (55 bytes)
Event: 297.387 Thread 0x000001a5fd69e040 nmethod 14696 0x000001a5e985ab90 code [0x000001a5e985adc0, 0x000001a5e985b718]
Event: 297.435 Thread 0x000001a5fd69e040 14697       3       org.sonar.java.model.JMethodSymbol$$Lambda$1709/0x0000000801814250::<init> (10 bytes)
Event: 297.435 Thread 0x000001a5fd69e040 nmethod 14697 0x000001a5e985b990 code [0x000001a5e985bb40, 0x000001a5e985bcf8]
Event: 297.435 Thread 0x000001a5fd69e040 14698       3       org.sonar.java.model.JMethodSymbol$$Lambda$1710/0x0000000801814490::<init> (10 bytes)
Event: 297.435 Thread 0x000001a5fd69e040 nmethod 14698 0x000001a5e985bd90 code [0x000001a5e985bf40, 0x000001a5e985c0f8]
Event: 297.435 Thread 0x000001a5fd69e040 14699       3       org.sonar.java.model.declaration.MethodTreeImpl::hasUnknownTypeInHierarchy (70 bytes)
Event: 297.436 Thread 0x000001a5fd69e040 nmethod 14699 0x000001a5e985c190 code [0x000001a5e985c420, 0x000001a5e985d0c8]
Event: 297.445 Thread 0x000001a5fd69e040 14700       3       org.eclipse.jdt.internal.compiler.lookup.ReferenceBinding::hasHierarchyCheckStarted (17 bytes)
Event: 297.445 Thread 0x000001a5fd69e040 nmethod 14700 0x000001a5e985d410 code [0x000001a5e985d5c0, 0x000001a5e985d758]

GC Heap History (20 events):
Event: 275.437 GC heap before
{Heap before GC invocations=67 (full 0):
 garbage-first heap   total 176128K, used 115124K [0x0000000081400000, 0x0000000100000000)
  region size 1024K, 18 young (18432K), 2 survivors (2048K)
 Metaspace       used 102222K, committed 103168K, reserved 1146880K
  class space    used 12396K, committed 12864K, reserved 1048576K
}
Event: 275.443 GC heap after
{Heap after GC invocations=68 (full 0):
 garbage-first heap   total 176128K, used 98961K [0x0000000081400000, 0x0000000100000000)
  region size 1024K, 2 young (2048K), 2 survivors (2048K)
 Metaspace       used 102222K, committed 103168K, reserved 1146880K
  class space    used 12396K, committed 12864K, reserved 1048576K
}
Event: 278.967 GC heap before
{Heap before GC invocations=69 (full 0):
 garbage-first heap   total 176128K, used 116369K [0x0000000081400000, 0x0000000100000000)
  region size 1024K, 19 young (19456K), 2 survivors (2048K)
 Metaspace       used 102308K, committed 103232K, reserved 1146880K
  class space    used 12396K, committed 12864K, reserved 1048576K
}
Event: 278.971 GC heap after
{Heap after GC invocations=70 (full 0):
 garbage-first heap   total 176128K, used 98916K [0x0000000081400000, 0x0000000100000000)
  region size 1024K, 2 young (2048K), 2 survivors (2048K)
 Metaspace       used 102308K, committed 103232K, reserved 1146880K
  class space    used 12396K, committed 12864K, reserved 1048576K
}
Event: 282.300 GC heap before
{Heap before GC invocations=71 (full 0):
 garbage-first heap   total 176128K, used 113252K [0x0000000081400000, 0x0000000100000000)
  region size 1024K, 16 young (16384K), 2 survivors (2048K)
 Metaspace       used 102312K, committed 103232K, reserved 1146880K
  class space    used 12396K, committed 12864K, reserved 1048576K
}
Event: 282.307 GC heap after
{Heap after GC invocations=72 (full 0):
 garbage-first heap   total 176128K, used 99559K [0x0000000081400000, 0x0000000100000000)
  region size 1024K, 3 young (3072K), 3 survivors (3072K)
 Metaspace       used 102312K, committed 103232K, reserved 1146880K
  class space    used 12396K, committed 12864K, reserved 1048576K
}
Event: 287.877 GC heap before
{Heap before GC invocations=73 (full 0):
 garbage-first heap   total 176128K, used 120039K [0x0000000081400000, 0x0000000100000000)
  region size 1024K, 23 young (23552K), 3 survivors (3072K)
 Metaspace       used 102490K, committed 103424K, reserved 1146880K
  class space    used 12417K, committed 12864K, reserved 1048576K
}
Event: 287.883 GC heap after
{Heap after GC invocations=74 (full 0):
 garbage-first heap   total 176128K, used 99360K [0x0000000081400000, 0x0000000100000000)
  region size 1024K, 3 young (3072K), 3 survivors (3072K)
 Metaspace       used 102490K, committed 103424K, reserved 1146880K
  class space    used 12417K, committed 12864K, reserved 1048576K
}
Event: 291.420 GC heap before
{Heap before GC invocations=75 (full 0):
 garbage-first heap   total 176128K, used 124960K [0x0000000081400000, 0x0000000100000000)
  region size 1024K, 28 young (28672K), 3 survivors (3072K)
 Metaspace       used 103252K, committed 104256K, reserved 1146880K
  class space    used 12535K, committed 13056K, reserved 1048576K
}
Event: 291.448 GC heap after
{Heap after GC invocations=76 (full 0):
 garbage-first heap   total 176128K, used 99622K [0x0000000081400000, 0x0000000100000000)
  region size 1024K, 3 young (3072K), 3 survivors (3072K)
 Metaspace       used 103252K, committed 104256K, reserved 1146880K
  class space    used 12535K, committed 13056K, reserved 1048576K
}
Event: 292.515 GC heap before
{Heap before GC invocations=77 (full 0):
 garbage-first heap   total 176128K, used 114982K [0x0000000081400000, 0x0000000100000000)
  region size 1024K, 18 young (18432K), 3 survivors (3072K)
 Metaspace       used 103264K, committed 104256K, reserved 1146880K
  class space    used 12535K, committed 13056K, reserved 1048576K
}
Event: 292.523 GC heap after
{Heap after GC invocations=78 (full 0):
 garbage-first heap   total 176128K, used 100246K [0x0000000081400000, 0x0000000100000000)
  region size 1024K, 4 young (4096K), 4 survivors (4096K)
 Metaspace       used 103264K, committed 104256K, reserved 1146880K
  class space    used 12535K, committed 13056K, reserved 1048576K
}
Event: 293.786 GC heap before
{Heap before GC invocations=79 (full 0):
 garbage-first heap   total 176128K, used 118678K [0x0000000081400000, 0x0000000100000000)
  region size 1024K, 23 young (23552K), 4 survivors (4096K)
 Metaspace       used 103304K, committed 104320K, reserved 1146880K
  class space    used 12540K, committed 13056K, reserved 1048576K
}
Event: 293.794 GC heap after
{Heap after GC invocations=80 (full 0):
 garbage-first heap   total 176128K, used 100912K [0x0000000081400000, 0x0000000100000000)
  region size 1024K, 4 young (4096K), 4 survivors (4096K)
 Metaspace       used 103304K, committed 104320K, reserved 1146880K
  class space    used 12540K, committed 13056K, reserved 1048576K
}
Event: 294.830 GC heap before
{Heap before GC invocations=81 (full 0):
 garbage-first heap   total 191488K, used 116272K [0x0000000081400000, 0x0000000100000000)
  region size 1024K, 19 young (19456K), 4 survivors (4096K)
 Metaspace       used 103317K, committed 104320K, reserved 1146880K
  class space    used 12540K, committed 13056K, reserved 1048576K
}
Event: 294.838 GC heap after
{Heap after GC invocations=82 (full 0):
 garbage-first heap   total 191488K, used 100174K [0x0000000081400000, 0x0000000100000000)
  region size 1024K, 3 young (3072K), 3 survivors (3072K)
 Metaspace       used 103317K, committed 104320K, reserved 1146880K
  class space    used 12540K, committed 13056K, reserved 1048576K
}
Event: 295.585 GC heap before
{Heap before GC invocations=83 (full 0):
 garbage-first heap   total 191488K, used 115534K [0x0000000081400000, 0x0000000100000000)
  region size 1024K, 18 young (18432K), 3 survivors (3072K)
 Metaspace       used 103333K, committed 104320K, reserved 1146880K
  class space    used 12540K, committed 13056K, reserved 1048576K
}
Event: 295.595 GC heap after
{Heap after GC invocations=84 (full 0):
 garbage-first heap   total 191488K, used 101110K [0x0000000081400000, 0x0000000100000000)
  region size 1024K, 4 young (4096K), 4 survivors (4096K)
 Metaspace       used 103333K, committed 104320K, reserved 1146880K
  class space    used 12540K, committed 13056K, reserved 1048576K
}
Event: 296.536 GC heap before
{Heap before GC invocations=85 (full 0):
 garbage-first heap   total 191488K, used 118518K [0x0000000081400000, 0x0000000100000000)
  region size 1024K, 21 young (21504K), 4 survivors (4096K)
 Metaspace       used 103404K, committed 104384K, reserved 1146880K
  class space    used 12551K, committed 13056K, reserved 1048576K
}
Event: 296.545 GC heap after
{Heap after GC invocations=86 (full 0):
 garbage-first heap   total 191488K, used 100792K [0x0000000081400000, 0x0000000100000000)
  region size 1024K, 4 young (4096K), 4 survivors (4096K)
 Metaspace       used 103404K, committed 104384K, reserved 1146880K
  class space    used 12551K, committed 13056K, reserved 1048576K
}

Deoptimization events (20 events):
Event: 293.105 Thread 0x000001a5dff2f660 DEOPT PACKING pc=0x000001a5ef99f054 sp=0x00000085983fbc80
Event: 293.105 Thread 0x000001a5dff2f660 DEOPT UNPACKING pc=0x000001a5e76fd72e sp=0x00000085983fbc78 mode 2
Event: 293.118 Thread 0x000001a5dff2f660 Uncommon trap: trap_request=0xffffffc6 fr.pc=0x000001a5ef99f054 relative=0x0000000000005e94
Event: 293.118 Thread 0x000001a5dff2f660 Uncommon trap: reason=bimorphic_or_optimized_type_check action=maybe_recompile pc=0x000001a5ef99f054 method=org.eclipse.jdt.internal.compiler.lookup.SplitPackageBinding.combine(Lorg/eclipse/jdt/internal/compiler/lookup/PackageBinding;Lorg/eclipse/jdt/inte
Event: 293.118 Thread 0x000001a5dff2f660 DEOPT PACKING pc=0x000001a5ef99f054 sp=0x00000085983fbc80
Event: 293.118 Thread 0x000001a5dff2f660 DEOPT UNPACKING pc=0x000001a5e76fd72e sp=0x00000085983fbc78 mode 2
Event: 293.119 Thread 0x000001a5dff2f660 Uncommon trap: trap_request=0xffffffc6 fr.pc=0x000001a5ef99f054 relative=0x0000000000005e94
Event: 293.119 Thread 0x000001a5dff2f660 Uncommon trap: reason=bimorphic_or_optimized_type_check action=maybe_recompile pc=0x000001a5ef99f054 method=org.eclipse.jdt.internal.compiler.lookup.SplitPackageBinding.combine(Lorg/eclipse/jdt/internal/compiler/lookup/PackageBinding;Lorg/eclipse/jdt/inte
Event: 293.119 Thread 0x000001a5dff2f660 DEOPT PACKING pc=0x000001a5ef99f054 sp=0x00000085983fbc80
Event: 293.119 Thread 0x000001a5dff2f660 DEOPT UNPACKING pc=0x000001a5e76fd72e sp=0x00000085983fbc78 mode 2
Event: 296.141 Thread 0x000001a5dff2f660 DEOPT PACKING pc=0x000001a5e93cc19c sp=0x00000085983fc0a0
Event: 296.141 Thread 0x000001a5dff2f660 DEOPT UNPACKING pc=0x000001a5e76fdece sp=0x00000085983fb838 mode 0
Event: 296.280 Thread 0x000001a5dff2f660 Uncommon trap: trap_request=0xffffff45 fr.pc=0x000001a5ef90d778 relative=0x0000000000005338
Event: 296.280 Thread 0x000001a5dff2f660 Uncommon trap: reason=unstable_if action=reinterpret pc=0x000001a5ef90d778 method=org.eclipse.jdt.internal.compiler.classfmt.ClassFileReader.<init>([B[CZ)V @ 73 c2
Event: 296.280 Thread 0x000001a5dff2f660 DEOPT PACKING pc=0x000001a5ef90d778 sp=0x00000085983faf00
Event: 296.280 Thread 0x000001a5dff2f660 DEOPT UNPACKING pc=0x000001a5e76fd72e sp=0x00000085983fae90 mode 2
Event: 296.281 Thread 0x000001a5dff2f660 DEOPT PACKING pc=0x000001a5e97ddcfb sp=0x00000085983fb390
Event: 296.281 Thread 0x000001a5dff2f660 DEOPT UNPACKING pc=0x000001a5e76fdece sp=0x00000085983fa8a0 mode 0
Event: 297.431 Thread 0x000001a5dff2f660 DEOPT PACKING pc=0x000001a5e9847342 sp=0x00000085983fb3c0
Event: 297.431 Thread 0x000001a5dff2f660 DEOPT UNPACKING pc=0x000001a5e76fdece sp=0x00000085983fa8e8 mode 0

Classes unloaded (12 events):
Event: 60.843 Thread 0x000001a5fd67c0e0 Unloading class 0x0000000800ef4a80 'org/apache/logging/log4j/core/config/plugins/processor/PluginCache'
Event: 60.843 Thread 0x000001a5fd67c0e0 Unloading class 0x0000000800ef4800 'org/apache/logging/log4j/core/config/plugins/processor/PluginProcessor'
Event: 60.843 Thread 0x000001a5fd67c0e0 Unloading class 0x0000000800ea4280 'org/apache/logging/log4j/core/config/plugins/processor/PluginCache'
Event: 60.843 Thread 0x000001a5fd67c0e0 Unloading class 0x0000000800ea4000 'org/apache/logging/log4j/core/config/plugins/processor/PluginProcessor'
Event: 216.897 Thread 0x000001a5fd67c0e0 Unloading class 0x00000008014ba000 'GeneratedBySSLR'
Event: 216.897 Thread 0x000001a5fd67c0e0 Unloading class 0x00000008014b8000 'GeneratedBySSLR'
Event: 216.897 Thread 0x000001a5fd67c0e0 Unloading class 0x000000080144e000 'GeneratedBySSLR'
Event: 216.897 Thread 0x000001a5fd67c0e0 Unloading class 0x000000080144c000 'GeneratedBySSLR'
Event: 236.448 Thread 0x000001a5fd67c0e0 Unloading class 0x00000008015e4800 'GeneratedBySSLR'
Event: 236.448 Thread 0x000001a5fd67c0e0 Unloading class 0x00000008015e4000 'GeneratedBySSLR'
Event: 236.448 Thread 0x000001a5fd67c0e0 Unloading class 0x0000000801540800 'GeneratedBySSLR'
Event: 236.448 Thread 0x000001a5fd67c0e0 Unloading class 0x0000000801540000 'GeneratedBySSLR'

Classes redefined (0 events):
No events

Internal exceptions (20 events):
Event: 274.312 Thread 0x000001a5dff2f660 Implicit null exception at 0x000001a5ef92d809 to 0x000001a5ef92da38
Event: 283.902 Thread 0x000001a5dff2f660 Exception <a 'java/lang/ArrayIndexOutOfBoundsException'{0x000000008b3ab1e8}> (0x000000008b3ab1e8) 
thrown [t:\workspace\open\src\hotspot\share\runtime\sharedRuntime.cpp, line 624]
Event: 288.762 Thread 0x000001a5dff2f660 Exception <a 'java/lang/ArrayIndexOutOfBoundsException'{0x000000008bda3e88}> (0x000000008bda3e88) 
thrown [t:\workspace\open\src\hotspot\share\runtime\sharedRuntime.cpp, line 624]
Event: 288.887 Thread 0x000001a5dff2f660 Exception <a 'java/lang/ArrayIndexOutOfBoundsException'{0x000000008b4fcf28}> (0x000000008b4fcf28) 
thrown [t:\workspace\open\src\hotspot\share\runtime\sharedRuntime.cpp, line 624]
Event: 290.198 Thread 0x000001a5dff2f660 Exception <a 'java/lang/NoSuchMethodError'{0x000000008ab328b8}: 'java.lang.Object java.lang.invoke.DirectMethodHandle$Holder.newInvokeSpecial(java.lang.Object, java.lang.Object, java.lang.Object, int)'> (0x000000008ab328b8) 
thrown [t:\workspace\open\src\hotspot\share\interpreter\linkResolver.cpp, line 790]
Event: 290.199 Thread 0x000001a5dff2f660 Exception <a 'java/lang/NoSuchMethodError'{0x000000008ab37300}: 'java.lang.Object java.lang.invoke.DirectMethodHandle$Holder.invokeSpecial(java.lang.Object, java.lang.Object, java.lang.Object, java.lang.Object, int)'> (0x000000008ab37300) 
thrown [t:\workspace\open\src\hotspot\share\interpreter\linkResolver.cpp, line 790]
Event: 290.200 Thread 0x000001a5dff2f660 Exception <a 'java/lang/NoSuchMethodError'{0x000000008ab3b610}: 'java.lang.Object java.lang.invoke.Invokers$Holder.linkToTargetMethod(java.lang.Object, java.lang.Object, int, java.lang.Object)'> (0x000000008ab3b610) 
thrown [t:\workspace\open\src\hotspot\share\interpreter\linkResolver.cpp, line 790]
Event: 290.457 Thread 0x000001a5dff2f660 Exception <a 'java/lang/NoSuchMethodError'{0x000000008aa0a6c8}: 'double java.lang.invoke.DirectMethodHandle$Holder.invokeVirtual(java.lang.Object, java.lang.Object)'> (0x000000008aa0a6c8) 
thrown [t:\workspace\open\src\hotspot\share\interpreter\linkResolver.cpp, line 790]
Event: 291.883 Thread 0x000001a5dff2f660 Exception <a 'java/lang/ArrayIndexOutOfBoundsException'{0x000000008bda39a0}> (0x000000008bda39a0) 
thrown [t:\workspace\open\src\hotspot\share\runtime\sharedRuntime.cpp, line 624]
Event: 292.074 Thread 0x000001a5dff2f660 Exception <a 'java/lang/ArrayIndexOutOfBoundsException'{0x000000008b31dec8}> (0x000000008b31dec8) 
thrown [t:\workspace\open\src\hotspot\share\runtime\sharedRuntime.cpp, line 624]
Event: 293.068 Thread 0x000001a5dff2f660 Exception <a 'java/lang/ArrayIndexOutOfBoundsException'{0x000000008bdb4a80}> (0x000000008bdb4a80) 
thrown [t:\workspace\open\src\hotspot\share\runtime\sharedRuntime.cpp, line 624]
Event: 293.158 Thread 0x000001a5dff2f660 Exception <a 'java/lang/ArrayIndexOutOfBoundsException'{0x000000008b245038}> (0x000000008b245038) 
thrown [t:\workspace\open\src\hotspot\share\runtime\sharedRuntime.cpp, line 624]
Event: 293.982 Thread 0x000001a5dff2f660 Exception <a 'java/lang/ArrayIndexOutOfBoundsException'{0x000000008bda3a70}> (0x000000008bda3a70) 
thrown [t:\workspace\open\src\hotspot\share\runtime\sharedRuntime.cpp, line 624]
Event: 294.440 Thread 0x000001a5dff2f660 Exception <a 'java/lang/ArrayIndexOutOfBoundsException'{0x000000008b4f53e8}> (0x000000008b4f53e8) 
thrown [t:\workspace\open\src\hotspot\share\runtime\sharedRuntime.cpp, line 624]
Event: 294.969 Thread 0x000001a5dff2f660 Exception <a 'java/lang/ArrayIndexOutOfBoundsException'{0x000000008cca5098}> (0x000000008cca5098) 
thrown [t:\workspace\open\src\hotspot\share\runtime\sharedRuntime.cpp, line 624]
Event: 295.361 Thread 0x000001a5dff2f660 Exception <a 'java/lang/ArrayIndexOutOfBoundsException'{0x000000008bf231d8}> (0x000000008bf231d8) 
thrown [t:\workspace\open\src\hotspot\share\runtime\sharedRuntime.cpp, line 624]
Event: 295.808 Thread 0x000001a5dff2f660 Exception <a 'java/lang/ArrayIndexOutOfBoundsException'{0x000000008cca3b88}> (0x000000008cca3b88) 
thrown [t:\workspace\open\src\hotspot\share\runtime\sharedRuntime.cpp, line 624]
Event: 296.128 Thread 0x000001a5dff2f660 Exception <a 'java/lang/ArrayIndexOutOfBoundsException'{0x000000008c2f53b8}> (0x000000008c2f53b8) 
thrown [t:\workspace\open\src\hotspot\share\runtime\sharedRuntime.cpp, line 624]
Event: 297.120 Thread 0x000001a5dff2f660 Exception <a 'java/lang/ArrayIndexOutOfBoundsException'{0x000000008cca3dc0}> (0x000000008cca3dc0) 
thrown [t:\workspace\open\src\hotspot\share\runtime\sharedRuntime.cpp, line 624]
Event: 297.203 Thread 0x000001a5dff2f660 Exception <a 'java/lang/ArrayIndexOutOfBoundsException'{0x000000008c20b620}> (0x000000008c20b620) 
thrown [t:\workspace\open\src\hotspot\share\runtime\sharedRuntime.cpp, line 624]

Events (20 events):
Event: 296.301 Thread 0x000001a5fd734c80 flushing nmethod 0x000001a5e8835090
Event: 296.301 Thread 0x000001a5fd734c80 flushing nmethod 0x000001a5e8835a10
Event: 296.301 Thread 0x000001a5fd734c80 flushing nmethod 0x000001a5e8836f90
Event: 296.311 Thread 0x000001a5fd734c80 flushing nmethod 0x000001a5e9012b10
Event: 296.312 Thread 0x000001a5fd734c80 flushing nmethod 0x000001a5e90c2d90
Event: 296.312 Thread 0x000001a5fd734c80 flushing nmethod 0x000001a5e90f0490
Event: 296.313 Thread 0x000001a5fd734c80 flushing nmethod 0x000001a5e91a3990
Event: 296.313 Thread 0x000001a5fd734c80 flushing nmethod 0x000001a5e91a3d90
Event: 296.313 Thread 0x000001a5fd734c80 flushing nmethod 0x000001a5e91a4210
Event: 296.313 Thread 0x000001a5fd734c80 flushing nmethod 0x000001a5e91a4a10
Event: 296.315 Thread 0x000001a5fd734c80 flushing nmethod 0x000001a5e9203710
Event: 296.315 Thread 0x000001a5fd734c80 flushing nmethod 0x000001a5e9217610
Event: 296.315 Thread 0x000001a5fd734c80 flushing nmethod 0x000001a5e923a610
Event: 296.316 Thread 0x000001a5fd734c80 flushing nmethod 0x000001a5e92b4d90
Event: 296.536 Executing  VM operation: G1TryInitiateConcMark
Event: 296.548 Executing  VM operation: G1TryInitiateConcMark done
Event: 296.952 Executing  VM operation: G1Concurrent
Event: 296.968 Executing  VM operation: G1Concurrent done
Event: 297.157 Executing  VM operation: G1Concurrent
Event: 297.157 Executing  VM operation: G1Concurrent done


Dynamic libraries:
0x00007ff7288f0000 - 0x00007ff728900000 	C:\Program Files\Java\jdk-16.0.1\bin\java.exe
0x00007ff8553d0000 - 0x00007ff8555c5000 	C:\WINDOWS\SYSTEM32\ntdll.dll
0x00007ff853e60000 - 0x00007ff853f1d000 	C:\WINDOWS\System32\KERNEL32.DLL
0x00007ff852e60000 - 0x00007ff853128000 	C:\WINDOWS\System32\KERNELBASE.dll
0x00007ff853130000 - 0x00007ff853230000 	C:\WINDOWS\System32\ucrtbase.dll
0x00007ff83ff30000 - 0x00007ff83ff48000 	C:\Program Files\Java\jdk-16.0.1\bin\jli.dll
0x00007ff854370000 - 0x00007ff85441c000 	C:\WINDOWS\System32\ADVAPI32.dll
0x00007ff853bb0000 - 0x00007ff853c4e000 	C:\WINDOWS\System32\msvcrt.dll
0x00007ff854480000 - 0x00007ff85451b000 	C:\WINDOWS\System32\sechost.dll
0x00007ff854520000 - 0x00007ff85464b000 	C:\WINDOWS\System32\RPCRT4.dll
0x00007ff83ff10000 - 0x00007ff83ff29000 	C:\Program Files\Java\jdk-16.0.1\bin\VCRUNTIME140.dll
0x00007ff854690000 - 0x00007ff854830000 	C:\WINDOWS\System32\USER32.dll
0x00007ff852c80000 - 0x00007ff852ca2000 	C:\WINDOWS\System32\win32u.dll
0x00007ff853b80000 - 0x00007ff853baa000 	C:\WINDOWS\System32\GDI32.dll
0x00007ff851ed0000 - 0x00007ff85216a000 	C:\WINDOWS\WinSxS\amd64_microsoft.windows.common-controls_6595b64144ccf1df_6.0.19041.1052_none_60b8f8fd71f5e8cb\COMCTL32.dll
0x00007ff852d50000 - 0x00007ff852e5b000 	C:\WINDOWS\System32\gdi32full.dll
0x00007ff852cb0000 - 0x00007ff852d4d000 	C:\WINDOWS\System32\msvcp_win.dll
0x00007ff848b10000 - 0x00007ff848b1a000 	C:\WINDOWS\SYSTEM32\VERSION.dll
0x00007ff854650000 - 0x00007ff854680000 	C:\WINDOWS\System32\IMM32.DLL
0x00007ff84bc60000 - 0x00007ff84bc6c000 	C:\Program Files\Java\jdk-16.0.1\bin\vcruntime140_1.dll
0x00007ff83efe0000 - 0x00007ff83f071000 	C:\Program Files\Java\jdk-16.0.1\bin\msvcp140.dll
0x00007ff801ae0000 - 0x00007ff80268b000 	C:\Program Files\Java\jdk-16.0.1\bin\server\jvm.dll
0x00007ff8541b0000 - 0x00007ff8541b8000 	C:\WINDOWS\System32\PSAPI.DLL
0x00007ff84cfa0000 - 0x00007ff84cfa9000 	C:\WINDOWS\SYSTEM32\WSOCK32.dll
0x00007ff854140000 - 0x00007ff8541ab000 	C:\WINDOWS\System32\WS2_32.dll
0x00007ff844ca0000 - 0x00007ff844cc7000 	C:\WINDOWS\SYSTEM32\WINMM.dll
0x00007ff851140000 - 0x00007ff851152000 	C:\WINDOWS\SYSTEM32\kernel.appcore.dll
0x00007ff84ba40000 - 0x00007ff84ba4a000 	C:\Program Files\Java\jdk-16.0.1\bin\jimage.dll
0x00007ff852590000 - 0x00007ff852774000 	C:\WINDOWS\SYSTEM32\DBGHELP.DLL
0x00007ff8522f0000 - 0x00007ff85231c000 	C:\WINDOWS\SYSTEM32\dbgcore.DLL
0x00007ff852bf0000 - 0x00007ff852c73000 	C:\WINDOWS\System32\bcryptPrimitives.dll
0x00007ff83f190000 - 0x00007ff83f1b5000 	C:\Program Files\Java\jdk-16.0.1\bin\java.dll
0x00007ff853440000 - 0x00007ff853b7f000 	C:\WINDOWS\System32\SHELL32.dll
0x00007ff8503e0000 - 0x00007ff850b70000 	C:\WINDOWS\SYSTEM32\windows.storage.dll
0x00007ff855030000 - 0x00007ff855385000 	C:\WINDOWS\System32\combase.dll
0x00007ff851e30000 - 0x00007ff851e5c000 	C:\WINDOWS\SYSTEM32\Wldp.dll
0x00007ff854830000 - 0x00007ff8548de000 	C:\WINDOWS\System32\SHCORE.dll
0x00007ff854ea0000 - 0x00007ff854ef5000 	C:\WINDOWS\System32\shlwapi.dll
0x00007ff852a50000 - 0x00007ff852a6f000 	C:\WINDOWS\SYSTEM32\profapi.dll
0x00007ff845cc0000 - 0x00007ff845cd9000 	C:\Program Files\Java\jdk-16.0.1\bin\net.dll
0x00007ff848760000 - 0x00007ff84886b000 	C:\WINDOWS\SYSTEM32\WINHTTP.dll
0x00007ff851bc0000 - 0x00007ff851c2a000 	C:\WINDOWS\system32\mswsock.dll
0x00007ff83f320000 - 0x00007ff83f333000 	C:\Program Files\Java\jdk-16.0.1\bin\nio.dll
0x00007ff83f300000 - 0x00007ff83f318000 	C:\Program Files\Java\jdk-16.0.1\bin\zip.dll
0x00007ff84c0a0000 - 0x00007ff84c0b0000 	C:\Program Files\Java\jdk-16.0.1\bin\verify.dll
0x00007ff84fbf0000 - 0x00007ff84fbfa000 	C:\Program Files\apache-maven-3.8.1-bin\apache-maven-3.8.1\lib\jansi-native\windows64\jansi.dll
0x00007ff8528c0000 - 0x00007ff8528d8000 	C:\WINDOWS\SYSTEM32\CRYPTSP.dll
0x00007ff851560000 - 0x00007ff851594000 	C:\WINDOWS\system32\rsaenh.dll
0x00007ff852bc0000 - 0x00007ff852be7000 	C:\WINDOWS\System32\bcrypt.dll
0x00007ff852a10000 - 0x00007ff852a3e000 	C:\WINDOWS\SYSTEM32\USERENV.dll
0x00007ff851d90000 - 0x00007ff851d9c000 	C:\WINDOWS\SYSTEM32\CRYPTBASE.dll
0x00007ff8518b0000 - 0x00007ff8518eb000 	C:\WINDOWS\SYSTEM32\IPHLPAPI.DLL
0x00007ff853c50000 - 0x00007ff853c58000 	C:\WINDOWS\System32\NSI.dll
0x00007ff849eb0000 - 0x00007ff849ec7000 	C:\WINDOWS\SYSTEM32\dhcpcsvc6.DLL
0x00007ff849700000 - 0x00007ff84971d000 	C:\WINDOWS\SYSTEM32\dhcpcsvc.DLL
0x00007ff851900000 - 0x00007ff8519cc000 	C:\WINDOWS\SYSTEM32\DNSAPI.dll
0x00007ff84a400000 - 0x00007ff84a40e000 	C:\Program Files\Java\jdk-16.0.1\bin\sunmscapi.dll
0x00007ff853230000 - 0x00007ff85338f000 	C:\WINDOWS\System32\CRYPT32.dll
0x00007ff851ea0000 - 0x00007ff851ec7000 	C:\WINDOWS\SYSTEM32\ncrypt.dll
0x00007ff851e60000 - 0x00007ff851e9b000 	C:\WINDOWS\SYSTEM32\NTASN1.dll
0x00007ff84aa70000 - 0x00007ff84aa7a000 	C:\Windows\System32\rasadhlp.dll
0x00007ff840fa0000 - 0x00007ff84101f000 	C:\WINDOWS\System32\fwpuclnt.dll

dbghelp: loaded successfully - version: 4.0.5 - missing functions: none
symbol engine: initialized successfully - sym options: 0x614 - pdb path: .;C:\Program Files\Java\jdk-16.0.1\bin;C:\WINDOWS\SYSTEM32;C:\WINDOWS\WinSxS\amd64_microsoft.windows.common-controls_6595b64144ccf1df_6.0.19041.1052_none_60b8f8fd71f5e8cb;C:\Program Files\Java\jdk-16.0.1\bin\server;C:\Program Files\apache-maven-3.8.1-bin\apache-maven-3.8.1\lib\jansi-native\windows64

VM Arguments:
jvm_args: -Dclassworlds.conf=C:\Program Files\apache-maven-3.8.1-bin\apache-maven-3.8.1\bin\..\bin\m2.conf -Dmaven.home=C:\Program Files\apache-maven-3.8.1-bin\apache-maven-3.8.1\bin\.. -Dlibrary.jansi.path=C:\Program Files\apache-maven-3.8.1-bin\apache-maven-3.8.1\bin\..\lib\jansi-native -Dmaven.multiModuleProjectDirectory=C:\Users\Ramya\Downloads\ReskillProject-master\ReskillProject-master\UserMS 
java_command: org.codehaus.plexus.classworlds.launcher.Launcher clean package sonar:sonar -Dsonar.host.url=https://sonarcloud.io -Dsonar.organization=ramyakovida -Dsonar.login=b31bfe597e87bcbb17949db5eca42fa5202ca168
java_class_path (initial): C:\Program Files\apache-maven-3.8.1-bin\apache-maven-3.8.1\bin\..\boot\plexus-classworlds-2.6.0.jar
Launcher Type: SUN_STANDARD

[Global flags]
     intx CICompilerCount                          = 3                                         {product} {ergonomic}
     uint ConcGCThreads                            = 1                                         {product} {ergonomic}
     uint G1ConcRefinementThreads                  = 4                                         {product} {ergonomic}
   size_t G1HeapRegionSize                         = 1048576                                   {product} {ergonomic}
    uintx GCDrainStackTargetSize                   = 64                                        {product} {ergonomic}
   size_t InitialHeapSize                          = 134217728                                 {product} {ergonomic}
   size_t MarkStackSize                            = 4194304                                   {product} {ergonomic}
   size_t MaxHeapSize                              = 2126512128                                {product} {ergonomic}
   size_t MaxNewSize                               = 1275068416                                {product} {ergonomic}
   size_t MinHeapDeltaBytes                        = 1048576                                   {product} {ergonomic}
   size_t MinHeapSize                              = 8388608                                   {product} {ergonomic}
    uintx NonNMethodCodeHeapSize                   = 5832780                                {pd product} {ergonomic}
    uintx NonProfiledCodeHeapSize                  = 122912730                              {pd product} {ergonomic}
    uintx ProfiledCodeHeapSize                     = 122912730                              {pd product} {ergonomic}
    uintx ReservedCodeCacheSize                    = 251658240                              {pd product} {ergonomic}
     bool SegmentedCodeCache                       = true                                      {product} {ergonomic}
   size_t SoftMaxHeapSize                          = 2126512128                             {manageable} {ergonomic}
     bool UseCompressedClassPointers               = true                           {product lp64_product} {ergonomic}
     bool UseCompressedOops                        = true                           {product lp64_product} {ergonomic}
     bool UseG1GC                                  = true                                      {product} {ergonomic}
     bool UseLargePagesIndividualAllocation        = false                                  {pd product} {ergonomic}

Logging:
Log output configuration:
 #0: stdout all=warning uptime,level,tags
 #1: stderr all=off uptime,level,tags

Environment Variables:
JAVA_HOME=C:\Program Files\Java\jdk-16.0.1
PATH=C:\Program Files\apache-maven-3.8.1-bin\apache-maven-3.8.1\bin;C:\Program Files\Common Files\Oracle\Java\javapath;C:\Program Files (x86)\Intel\iCLS Client\;C:\Program Files\Intel\iCLS Client\;C:\WINDOWS\system32;C:\WINDOWS;C:\WINDOWS\System32\Wbem;C:\WINDOWS\System32\WindowsPowerShell\v1.0\;C:\Program Files (x86)\Intel\Intel(R) Management Engine Components\DAL;C:\Program Files\Intel\Intel(R) Management Engine Components\DAL;C:\Program Files (x86)\Intel\Intel(R) Management Engine Components\IPT;C:\Program Files\Intel\Intel(R) Management Engine Components\IPT;C:\WINDOWS\System32\OpenSSH\;C:\Program Files\PuTTY\;C:\Program Files\Git\cmd;C:\Program Files\Java\jdk-16.0.1\bin;C:\Program Files\apache-maven-3.8.1-bin\apache-maven-3.8.1\bin;%JAVA_HOME%\bin;C:\Program Files\apache-maven-3.8.1-bin\apache-maven-3.8.1\bin;C:\Program Files\Common Files\Oracle\Java\javapath;C:\Program Files (x86)\Intel\iCLS Client\;C:\Program Files\Intel\iCLS Client\;C:\WINDOWS\system32;C:\WINDOWS;C:\WINDOWS\System32\Wbem;C:\WINDOWS\System32\WindowsPowerShell\v1.0\;C:\Program Files (x86)\Intel\Intel(R) Management Engine Components\DAL;C:\Program Files\Intel\Intel(R) Management Engine Components\DAL;C:\Program Files (x86)\Intel\Intel(R) Management Engine Components\IPT;C:\Program Files\Intel\Intel(R) Management Engine Components\IPT;C:\WINDOWS\System32\OpenSSH\;C:\Program Files\PuTTY\;C:\Program Files\Git\cmd;C:\Program Files\MySQL\MySQL Shell 8.0\bin\;C:\Users\Ramya\AppData\Local\Microsoft\WindowsApps;C:\Users\Ramya\AppData\Local\Programs\Microsoft VS Code\bin;C:\Program Files\Java\jdk-16.0.1\bin;
USERNAME=Ramya
OS=Windows_NT
PROCESSOR_IDENTIFIER=Intel64 Family 6 Model 142 Stepping 9, GenuineIntel



---------------  S Y S T E M  ---------------

OS:
 Windows 10 , 64 bit Build 19041 (10.0.19041.1023)
OS uptime: 0 days 2:53 hours

CPU: total 4 (initial active 4) (2 cores per cpu, 2 threads per core) family 6 model 142 stepping 9 microcode 0xde, cx8, cmov, fxsr, ht, mmx, 3dnowpref, sse, sse2, sse3, ssse3, sse4.1, sse4.2, popcnt, lzcnt, tsc, tscinvbit, avx, avx2, aes, erms, clmul, bmi1, bmi2, adx, fma, vzeroupper, clflush, clflushopt

Memory: 4k page, system-wide physical 8108M (343M free)
TotalPageFile size 32684M (AvailPageFile size 9M)
current process WorkingSet (physical memory assigned to process): 448M, peak: 450M
current process commit charge ("private bytes"): 471M, peak: 473M

vm_info: Java HotSpot(TM) 64-Bit Server VM (16.0.1+9-24) for windows-amd64 JRE (16.0.1+9-24), built on Mar 26 2021 19:31:42 by "mach5one" with MS VC++ 16.7 (VS2019)

END.
